[Sep 19 2014 14:16:12.000000 - INFO] effectiveUser=931-981-6934 service=CampaignService method=get operators={} responseTime=650 requestId=00050367220a00c80a4266219e002871 operations=1 units= server=adwords.google.com isFault=false faultMessage=null
[Sep 19 2014 14:19:15.000000 - INFO] effectiveUser=931-981-6934 service=CampaignService method=get operators={} responseTime=489 requestId=000503672d00a0e10a42e0ac64001aa0 operations=1 units= server=adwords.google.com isFault=false faultMessage=null
[Sep 19 2014 14:48:36.000000 - INFO] effectiveUser=931-981-6934 service=CampaignService method=get operators={} responseTime=474 requestId=0005036795f599e80a429f443b0007a4 operations=1 units= server=adwords.google.com isFault=false faultMessage=null
[Sep 19 2014 14:59:47.000000 - INFO] effectiveUser=931-981-6934 service=CampaignService method=get operators={} responseTime=3214 requestId=00050367bdc227700a42fbc5160006b5 operations=1 units= server=adwords.google.com isFault=false faultMessage=null
[Sep 23 2014 11:17:12.000000 - INFO] effectiveUser=931-981-6934 service=AdGroupService method=get operators={IN: 1} responseTime=344 requestId=000503b519449c200a426621ba0047d5 operations=1 units= server=adwords.google.com isFault=false faultMessage=null
[Sep 23 2014 12:22:58.000000 - INFO] effectiveUser=931-981-6934 service=CampaignService method=get operators={} responseTime=461 requestId=000503b6047941a00a42bee2f9004459 operations=1 units= server=adwords.google.com isFault=false faultMessage=null
[Sep 23 2014 12:24:52.000000 - INFO] effectiveUser=931-981-6934 service=CampaignService method=get operators={} responseTime=441 requestId=000503b60b4c44000a42bee2f9004459 operations=1 units= server=adwords.google.com isFault=false faultMessage=null
[Sep 23 2014 12:29:15.000000 - INFO] effectiveUser=931-981-6934 service=CampaignService method=get operators={} responseTime=438 requestId=000503b61af9e0600a424c2450004884 operations=1 units= server=adwords.google.com isFault=false faultMessage=null
[Sep 23 2014 12:29:34.000000 - INFO] effectiveUser=931-981-6934 service=CampaignService method=get operators={} responseTime=214 requestId=000503b61c1e95f90a42e00a8b001785 operations=1 units= server=adwords.google.com isFault=false faultMessage=null
[Sep 23 2014 12:34:35.000000 - INFO] effectiveUser=931-981-6934 service=CampaignService method=get operators={} responseTime=496 requestId=000503b62e01cb510a42a4a40a00282f operations=1 units= server=adwords.google.com isFault=false faultMessage=null
[Sep 23 2014 14:28:57.000000 - INFO] effectiveUser=931-981-6934 service=CampaignService method=get operators={} responseTime=517 requestId=000503b7c7087cd10a42bf81f7001a18 operations=1 units= server=adwords.google.com isFault=false faultMessage=null
[Sep 23 2014 14:30:59.000000 - INFO] effectiveUser=931-981-6934 service=CampaignService method=get operators={} responseTime=370 requestId=000503b7ce4862300a42482adb005fcd operations=1 units= server=adwords.google.com isFault=false faultMessage=null
[Sep 23 2014 14:33:49.000000 - INFO] effectiveUser=931-981-6934 service=CampaignService method=get operators={} responseTime=214 requestId=000503b7d8701d710a429422c90065b8 operations=1 units= server=adwords.google.com isFault=false faultMessage=null
[Sep 23 2014 14:36:00.000000 - INFO] effectiveUser=931-981-6934 service=CampaignService method=get operators={} responseTime=339 requestId=000503b7e04726390a431ec965000b48 operations=1 units= server=adwords.google.com isFault=false faultMessage=null
[Sep 23 2014 14:36:41.000000 - INFO] effectiveUser=931-981-6934 service=CampaignService method=get operators={} responseTime=430 requestId=000503b7e2ad87790a429f444c00379e operations=1 units= server=adwords.google.com isFault=false faultMessage=null
[Sep 23 2014 14:37:50.000000 - INFO] effectiveUser=931-981-6934 service=CampaignService method=get operators={} responseTime=575 requestId=000503b7e6ca04f90a424c2a770017f8 operations=1 units= server=adwords.google.com isFault=false faultMessage=null
[Sep 23 2014 14:39:45.000000 - INFO] effectiveUser=931-981-6934 service=CampaignService method=get operators={} responseTime=452 requestId=000503b7eda709d90a4254a69d004080 operations=1 units= server=adwords.google.com isFault=false faultMessage=null
[Sep 23 2014 14:44:02.000000 - INFO] effectiveUser=931-981-6934 service=CampaignService method=get operators={} responseTime=614 requestId=000503b7fcf674f00a426621ba0047d5 operations=1 units= server=adwords.google.com isFault=false faultMessage=null
[Sep 23 2014 14:44:47.000000 - INFO] effectiveUser=931-981-6934 service=CampaignService method=get operators={} responseTime=409 requestId=000503b7ffa506a80a4255c5c60058ce operations=1 units= server=adwords.google.com isFault=false faultMessage=null
[Sep 23 2014 14:45:14.000000 - INFO] effectiveUser=931-981-6934 service=CampaignService method=get operators={} responseTime=230 requestId=000503b80147a2b80a4255c5c60058ce operations=1 units= server=adwords.google.com isFault=false faultMessage=null
[Sep 23 2014 14:48:31.000000 - INFO] effectiveUser=931-981-6934 service=CampaignService method=get operators={} responseTime=213 requestId=000503b80d080ef80a431ec965000b48 operations=1 units= server=adwords.google.com isFault=false faultMessage=null
[Sep 23 2014 14:50:30.000000 - INFO] effectiveUser=931-981-6934 service=CampaignService method=get operators={} responseTime=462 requestId=000503b8141868780a42a4a40a00282f operations=1 units= server=adwords.google.com isFault=false faultMessage=null
[Sep 23 2014 14:52:52.000000 - INFO] effectiveUser=931-981-6934 service=CampaignService method=get operators={} responseTime=425 requestId=000503b81c8b3c110a42e8c3a300355a operations=1 units= server=adwords.google.com isFault=false faultMessage=null
[Sep 23 2014 15:42:03.000000 - INFO] effectiveUser=931-981-6934 service=CampaignService method=get operators={} responseTime=472 requestId=000503b8cc7687380a423462b0001b86 operations=1 units= server=adwords.google.com isFault=false faultMessage=null
[Sep 23 2014 15:43:41.000000 - INFO] effectiveUser=931-981-6934 service=CampaignService method=get operators={} responseTime=349 requestId=000503b8d24973000a42e523300051dc operations=1 units= server=adwords.google.com isFault=false faultMessage=null
[Sep 23 2014 16:15:32.000000 - INFO] effectiveUser=931-981-6934 service=CampaignService method=get operators={} responseTime=432 requestId=000503b94430db980a430e6680003c77 operations=1 units= server=adwords.google.com isFault=false faultMessage=null
[Sep 23 2014 16:23:07.000000 - ERROR] effectiveUser=931-981-6934 service=BudgetService method=mutate operators={ADD: 1} responseTime= requestId= operations= units= server=adwords.google.com isFault=true faultMessage=Unmarshalling Error: For input string: "" 
[Sep 23 2014 16:24:21.000000 - ERROR] effectiveUser=931-981-6934 service=BudgetService method=mutate operators={ADD: 1} responseTime= requestId= operations= units= server=adwords.google.com isFault=true faultMessage=Unmarshalling Error: For input string: "" 
[Sep 23 2014 16:25:06.000000 - ERROR] effectiveUser=931-981-6934 service=BudgetService method=mutate operators={ADD: 1} responseTime= requestId= operations= units= server=adwords.google.com isFault=true faultMessage=Unmarshalling Error: For input string: "" 
[Sep 23 2014 16:29:39.000000 - ERROR] effectiveUser=931-981-6934 service=BudgetService method=mutate operators={ADD: 1} responseTime= requestId= operations= units= server=adwords.google.com isFault=true faultMessage=Unmarshalling Error: For input string: "" 
[Sep 23 2014 16:32:52.000000 - ERROR] effectiveUser=931-981-6934 service=BudgetService method=mutate operators={ADD: 1} responseTime= requestId= operations= units= server=adwords.google.com isFault=true faultMessage=Unmarshalling Error: For input string: "" 
[Sep 23 2014 16:33:48.000000 - ERROR] effectiveUser=931-981-6934 service=BudgetService method=mutate operators={ADD: 1} responseTime= requestId= operations= units= server=adwords.google.com isFault=true faultMessage=Unmarshalling Error: For input string: "" 
[Sep 23 2014 16:34:44.000000 - ERROR] effectiveUser=931-981-6934 service=BudgetService method=mutate operators={ADD: 1} responseTime= requestId= operations= units= server=adwords.google.com isFault=true faultMessage=Unmarshalling Error: For input string: "" 
[Sep 23 2014 16:35:35.000000 - ERROR] effectiveUser=931-981-6934 service=BudgetService method=mutate operators={ADD: 1} responseTime= requestId= operations= units= server=adwords.google.com isFault=true faultMessage=Unmarshalling Error: For input string: "" 
[Sep 23 2014 16:35:51.000000 - ERROR] effectiveUser=931-981-6934 service=BudgetService method=mutate operators={ADD: 1} responseTime= requestId= operations= units= server=adwords.google.com isFault=true faultMessage=Unmarshalling Error: For input string: "" 
[Sep 23 2014 16:36:38.000000 - ERROR] effectiveUser=931-981-6934 service=BudgetService method=mutate operators={ADD: 1} responseTime= requestId= operations= units= server=adwords.google.com isFault=true faultMessage=Unmarshalling Error: For input string: "" 
[Sep 23 2014 16:38:29.000000 - ERROR] effectiveUser=931-981-6934 service=BudgetService method=mutate operators={ADD: 1} responseTime= requestId= operations= units= server=adwords.google.com isFault=true faultMessage=Unmarshalling Error: For input string: "" 
[Sep 23 2014 16:40:18.000000 - ERROR] effectiveUser=931-981-6934 service=BudgetService method=mutate operators={ADD: 1} responseTime= requestId= operations= units= server=adwords.google.com isFault=true faultMessage=Unmarshalling Error: For input string: "" 
[Sep 23 2014 16:41:18.000000 - ERROR] effectiveUser=931-981-6934 service=BudgetService method=mutate operators={ADD: 1} responseTime= requestId= operations= units= server=adwords.google.com isFault=true faultMessage=Unmarshalling Error: For input string: "" 
[Sep 23 2014 16:41:35.000000 - INFO] effectiveUser=931-981-6934 service=BudgetService method=mutate operators={ADD: 1} responseTime=553 requestId=000503b9a15a06500a4301efd9002f51 operations=1 units= server=adwords.google.com isFault=false faultMessage=null
[Sep 23 2014 16:41:41.000000 - INFO] effectiveUser=931-981-6934 service=CampaignService method=mutate operators={ADD: 1} responseTime=632 requestId=000503b9a1b9be380a42e382c3000d13 operations=1 units= server=adwords.google.com isFault=false faultMessage=null
[Sep 23 2014 16:42:54.000000 - INFO] effectiveUser=931-981-6934 service=CampaignService method=get operators={} responseTime=443 requestId=000503b9a61023f10a42a4a40a00282f operations=1 units= server=adwords.google.com isFault=false faultMessage=null
[Sep 23 2014 16:52:27.000000 - INFO] effectiveUser=931-981-6934 service=CampaignService method=get operators={} responseTime=518 requestId=000503b9c83216000a42e00a8b001785 operations=1 units= server=adwords.google.com isFault=false faultMessage=null
[Sep 23 2014 16:56:54.000000 - INFO] effectiveUser=931-981-6934 service=CampaignService method=get operators={} responseTime=520 requestId=000503b9d81a32f00a4296610b001331 operations=1 units= server=adwords.google.com isFault=false faultMessage=null
[Sep 23 2014 16:57:50.000000 - INFO] effectiveUser=931-981-6934 service=CampaignService method=get operators={} responseTime=416 requestId=000503b9db7e31f90a424dc5370040b7 operations=1 units= server=adwords.google.com isFault=false faultMessage=null
[Sep 23 2014 17:14:02.000000 - INFO] effectiveUser=931-981-6934 service=AdGroupService method=get operators={IN: 1} responseTime=433 requestId=000503ba1562ef580a429f444c00379e operations=1 units= server=adwords.google.com isFault=false faultMessage=null
[Sep 23 2014 17:14:39.000000 - INFO] effectiveUser=931-981-6934 service=AdGroupService method=get operators={IN: 1} responseTime=332 requestId=000503ba17a2f4480a42bf81f7001a18 operations=1 units= server=adwords.google.com isFault=false faultMessage=null
[Sep 23 2014 17:23:01.000000 - INFO] effectiveUser=931-981-6934 service=AdGroupService method=mutate operators={ADD: 1} responseTime=687 requestId=000503ba358095890a431ec965000b48 operations=1 units= server=adwords.google.com isFault=false faultMessage=null
[Sep 23 2014 17:23:46.000000 - INFO] effectiveUser=931-981-6934 service=AdGroupService method=get operators={IN: 1} responseTime=655 requestId=000503ba382d5a510a4301efd9002f51 operations=1 units= server=adwords.google.com isFault=false faultMessage=null
[Sep 23 2014 17:28:48.000000 - INFO] effectiveUser=931-981-6934 service=CampaignService method=get operators={} responseTime=339 requestId=000503ba4a33d3000a42bf81f7001a18 operations=1 units= server=adwords.google.com isFault=false faultMessage=null
[Sep 23 2014 17:29:03.000000 - INFO] effectiveUser=931-981-6934 service=AdGroupService method=get operators={IN: 1} responseTime=305 requestId=000503ba4b202ed10a431ec965000b48 operations=1 units= server=adwords.google.com isFault=false faultMessage=null
[Sep 23 2014 17:33:39.000000 - INFO] effectiveUser=931-981-6934 service=AdGroupService method=get operators={IN: 1} responseTime=430 requestId=000503ba5b89faf80a429302be00302a operations=1 units= server=adwords.google.com isFault=false faultMessage=null
[Sep 23 2014 17:34:00.000000 - INFO] effectiveUser=931-981-6934 service=AdGroupService method=get operators={IN: 1} responseTime=325 requestId=000503ba5cce1f710a424c2a770017f8 operations=1 units= server=adwords.google.com isFault=false faultMessage=null
[Sep 23 2014 17:37:37.000000 - INFO] effectiveUser=931-981-6934 service=AdGroupService method=get operators={IN: 1} responseTime=195 requestId=000503ba69c0a3110a42bf81f7001a18 operations=1 units= server=adwords.google.com isFault=false faultMessage=null
[Sep 23 2014 17:37:53.000000 - INFO] effectiveUser=931-981-6934 service=AdGroupService method=get operators={IN: 1} responseTime=323 requestId=000503ba6ab582900a42bf81f7001a18 operations=1 units= server=adwords.google.com isFault=false faultMessage=null
[Sep 23 2014 17:41:12.000000 - INFO] effectiveUser=931-981-6934 service=AdGroupService method=get operators={IN: 1} responseTime=395 requestId=000503ba769206380a42afcdad0021f3 operations=1 units= server=adwords.google.com isFault=false faultMessage=null
[Sep 23 2014 17:42:17.000000 - INFO] effectiveUser=931-981-6934 service=AdGroupService method=get operators={IN: 1} responseTime=198 requestId=000503ba7a74a3500a42a4a40a00282f operations=1 units= server=adwords.google.com isFault=false faultMessage=null
[Sep 23 2014 17:45:09.000000 - INFO] effectiveUser=931-981-6934 service=AdGroupService method=get operators={IN: 1} responseTime=409 requestId=000503ba84b0b9810a42afcdad0021f3 operations=1 units= server=adwords.google.com isFault=false faultMessage=null
[Sep 23 2014 17:45:23.000000 - INFO] effectiveUser=931-981-6934 service=CampaignService method=get operators={} responseTime=455 requestId=000503ba858772410a42e4c547001a1c operations=1 units= server=adwords.google.com isFault=false faultMessage=null
[Sep 23 2014 17:45:40.000000 - INFO] effectiveUser=931-981-6934 service=AdGroupService method=get operators={IN: 1} responseTime=180 requestId=000503ba8687dae00a423462b0001b86 operations=1 units= server=adwords.google.com isFault=false faultMessage=null
[Sep 23 2014 17:47:08.000000 - INFO] effectiveUser=931-981-6934 service=AdGroupService method=get operators={IN: 1} responseTime=186 requestId=000503ba8bc512700a42bf81f7001a18 operations=1 units= server=adwords.google.com isFault=false faultMessage=null
[Sep 23 2014 17:49:59.000000 - INFO] effectiveUser=931-981-6934 service=AdGroupService method=get operators={IN: 1} responseTime=184 requestId=000503ba9602d2680a424c2a770017f8 operations=1 units= server=adwords.google.com isFault=false faultMessage=null
[Sep 23 2014 17:53:38.000000 - INFO] effectiveUser=931-981-6934 service=AdGroupService method=get operators={IN: 1} responseTime=456 requestId=000503baa3042ed10a4301efd9002f51 operations=1 units= server=adwords.google.com isFault=false faultMessage=null
[Sep 23 2014 17:54:00.000000 - INFO] effectiveUser=931-981-6934 service=AdGroupService method=get operators={IN: 1} responseTime=186 requestId=000503baa452a3e80a42e382c3000d13 operations=1 units= server=adwords.google.com isFault=false faultMessage=null
[Sep 23 2014 18:05:39.000000 - INFO] effectiveUser=931-981-6934 service=CampaignService method=get operators={} responseTime=413 requestId=000503bace0483a10a42a4a40a00282f operations=1 units= server=adwords.google.com isFault=false faultMessage=null
[Sep 23 2014 18:06:10.000000 - INFO] effectiveUser=931-981-6934 service=CampaignService method=get operators={} responseTime=455 requestId=000503bacfd9ff200a42882a6a005800 operations=1 units= server=adwords.google.com isFault=false faultMessage=null
[Sep 23 2014 18:06:24.000000 - INFO] effectiveUser=931-981-6934 service=AdGroupService method=get operators={IN: 1} responseTime=468 requestId=000503bad0a5daa10a4253489b004b29 operations=1 units= server=adwords.google.com isFault=false faultMessage=null
[Sep 24 2014 10:09:44.000000 - INFO] effectiveUser=931-981-6934 service=CampaignService method=get operators={} responseTime=537 requestId=000503c845d994580a430e6680003c77 operations=1 units= server=adwords.google.com isFault=false faultMessage=null
[Sep 24 2014 10:10:10.000000 - INFO] effectiveUser=931-981-6934 service=AdGroupService method=get operators={IN: 1} responseTime=420 requestId=000503c84765e9480a4301efd9002f51 operations=1 units= server=adwords.google.com isFault=false faultMessage=null
[Sep 24 2014 10:26:42.000000 - INFO] effectiveUser=931-981-6934 service=AdGroupService method=get operators={IN: 1} responseTime=314 requestId=000503c8829245c10a424dc5370040b7 operations=1 units= server=adwords.google.com isFault=false faultMessage=null
[Sep 24 2014 10:28:46.000000 - ERROR] effectiveUser=931-981-6934 service=AdGroupService method=mutate operators={ADD: 1} responseTime=517 requestId=000503c889e428980a428a3035005d4a operations=1 units= server=adwords.google.com isFault=true faultMessage=[BiddingError.BID_TOO_SMALL @ operations[0].operand.biddingStrategyConfiguration.bids[0].bid; trigger:'The bid of 0.000000 must be at least 0.010000']
[Sep 24 2014 10:33:31.000000 - INFO] effectiveUser=931-981-6934 service=AdGroupService method=mutate operators={ADD: 1} responseTime=509 requestId=000503c89ae63d210a426621ba0047d5 operations=1 units= server=adwords.google.com isFault=false faultMessage=null
[Sep 24 2014 10:33:37.000000 - ERROR] effectiveUser=931-981-6934 service=AdGroupService method=get operators={IN: 1} responseTime=239 requestId=000503c89b4c90710a42b24bfc00691f operations=1 units= server=adwords.google.com isFault=true faultMessage=[SelectorError.INVALID_PREDICATE_VALUE @ serviceSelector]
[Sep 24 2014 10:34:22.000000 - ERROR] effectiveUser=931-981-6934 service=AdGroupService method=get operators={IN: 1} responseTime=95 requestId=000503c89dfc52da0a42bf81f7001a18 operations=1 units= server=adwords.google.com isFault=true faultMessage=[SelectorError.INVALID_PREDICATE_VALUE @ serviceSelector]
[Sep 24 2014 10:35:29.000000 - INFO] effectiveUser=931-981-6934 service=AdGroupService method=get operators={IN: 1} responseTime=418 requestId=000503c8a1f1d3e00a424c2a770017f8 operations=1 units= server=adwords.google.com isFault=false faultMessage=null
[Sep 24 2014 10:43:03.000000 - INFO] effectiveUser=931-981-6934 service=AdGroupService method=mutate operators={ADD: 1} responseTime=509 requestId=000503c8bd0383e00a42bf81f7001a18 operations=1 units= server=adwords.google.com isFault=false faultMessage=null
[Sep 24 2014 10:43:10.000000 - INFO] effectiveUser=931-981-6934 service=AdGroupService method=get operators={IN: 1} responseTime=330 requestId=000503c8bd6bbf780a426604c000118e operations=1 units= server=adwords.google.com isFault=false faultMessage=null
[Sep 24 2014 10:44:54.000000 - INFO] effectiveUser=931-981-6934 service=CampaignService method=get operators={} responseTime=363 requestId=000503c8c3a8c7500a431ec965000b48 operations=1 units= server=adwords.google.com isFault=false faultMessage=null
[Sep 24 2014 10:45:16.000000 - INFO] effectiveUser=931-981-6934 service=AdGroupService method=get operators={IN: 1} responseTime=178 requestId=000503c8c4f0c0400a4301efd9002f51 operations=1 units= server=adwords.google.com isFault=false faultMessage=null
[Sep 24 2014 10:47:35.000000 - INFO] effectiveUser=931-981-6934 service=AdGroupService method=get operators={IN: 1} responseTime=186 requestId=000503c8cd37c8e80a42482adb005fcd operations=1 units= server=adwords.google.com isFault=false faultMessage=null
[Sep 24 2014 10:47:50.000000 - INFO] effectiveUser=931-981-6934 service=AdGroupService method=get operators={IN: 1} responseTime=402 requestId=000503c8ce1f94c00a4231e378007ad8 operations=1 units= server=adwords.google.com isFault=false faultMessage=null
[Sep 24 2014 10:57:36.000000 - INFO] effectiveUser=931-981-6934 service=AdGroupService method=get operators={IN: 1} responseTime=430 requestId=000503c8f10ec5c90a429f444c00379e operations=1 units= server=adwords.google.com isFault=false faultMessage=null
[Sep 24 2014 10:58:00.000000 - INFO] effectiveUser=931-981-6934 service=AdGroupService method=get operators={IN: 1} responseTime=328 requestId=000503c8f27687700a42c1c7e6004a9f operations=1 units= server=adwords.google.com isFault=false faultMessage=null
[Sep 24 2014 10:58:13.000000 - INFO] effectiveUser=931-981-6934 service=AdGroupService method=get operators={IN: 1} responseTime=437 requestId=000503c8f34675e80a4228c8500043be operations=1 units= server=adwords.google.com isFault=false faultMessage=null
[Sep 24 2014 10:58:30.000000 - INFO] effectiveUser=931-981-6934 service=AdGroupService method=get operators={IN: 1} responseTime=187 requestId=000503c8f4452cf00a4296610b001331 operations=1 units= server=adwords.google.com isFault=false faultMessage=null
[Sep 24 2014 12:42:38.000000 - INFO] effectiveUser=931-981-6934 service=AdGroupAdService method=get operators={IN: 3} responseTime=592 requestId=000503ca68a833210a424c2a770017f8 operations=1 units= server=adwords.google.com isFault=false faultMessage=null
[Sep 24 2014 12:43:32.000000 - INFO] effectiveUser=931-981-6934 service=AdGroupAdService method=get operators={IN: 3} responseTime=471 requestId=000503ca6bde40700a42e8c3a300355a operations=1 units= server=adwords.google.com isFault=false faultMessage=null
[Sep 24 2014 12:43:54.000000 - INFO] effectiveUser=931-981-6934 service=AdGroupService method=get operators={IN: 1} responseTime=390 requestId=000503ca6d3856180a431ec965000b48 operations=1 units= server=adwords.google.com isFault=false faultMessage=null
[Sep 24 2014 12:44:09.000000 - INFO] effectiveUser=931-981-6934 service=AdGroupAdService method=get operators={IN: 3} responseTime=522 requestId=000503ca6e157f480a42afcdad0021f3 operations=1 units= server=adwords.google.com isFault=false faultMessage=null
[Sep 24 2014 12:44:52.000000 - INFO] effectiveUser=931-981-6934 service=AdGroupAdService method=get operators={IN: 3} responseTime=349 requestId=000503ca70a86ae10a426604c000118e operations=1 units= server=adwords.google.com isFault=false faultMessage=null
[Sep 24 2014 12:46:37.000000 - ERROR] effectiveUser=931-981-6934 service=AdGroupAdService method=get operators={IN: 3} responseTime= requestId= operations= units= server=adwords.google.com isFault=true faultMessage=Unmarshalling Error: cvc-enumeration-valid: Value 'Description1' is not facet-valid with respect to enumeration '[ASCENDING, DESCENDING]'. It must be a value from the enumeration. 
[Sep 24 2014 12:47:32.000000 - INFO] effectiveUser=931-981-6934 service=AdGroupAdService method=get operators={IN: 3} responseTime=423 requestId=000503ca7a31f9f10a424c2a770017f8 operations=1 units= server=adwords.google.com isFault=false faultMessage=null
[Sep 24 2014 12:50:53.000000 - ERROR] effectiveUser=931-981-6934 service=AdGroupAdService method=get operators={IN: 3} responseTime=312 requestId=000503ca862e7d010a42e4c547001a1c operations=1 units= server=adwords.google.com isFault=true faultMessage=[SelectorError.INVALID_FIELD_NAME @ serviceSelector; trigger:'Description2Url']
[Sep 24 2014 12:51:24.000000 - INFO] effectiveUser=931-981-6934 service=AdGroupAdService method=get operators={IN: 3} responseTime=484 requestId=000503ca880173f80a42d8c7c6001a3e operations=1 units= server=adwords.google.com isFault=false faultMessage=null
[Sep 24 2014 13:03:11.000000 - INFO] effectiveUser=931-981-6934 service=AdGroupAdService method=get operators={IN: 3} responseTime=546 requestId=000503cab21fbd980a424f88c8000719 operations=1 units= server=adwords.google.com isFault=false faultMessage=null
[Sep 24 2014 13:04:33.000000 - INFO] effectiveUser=931-981-6934 service=AdGroupAdService method=get operators={IN: 3} responseTime=628 requestId=000503cab70459900a42fbc54b007e08 operations=1 units= server=adwords.google.com isFault=false faultMessage=null
[Sep 24 2014 13:05:02.000000 - INFO] effectiveUser=931-981-6934 service=AdGroupAdService method=get operators={IN: 3} responseTime=374 requestId=000503cab8c241e80a4228c8500043be operations=1 units= server=adwords.google.com isFault=false faultMessage=null
[Sep 24 2014 13:05:35.000000 - INFO] effectiveUser=931-981-6934 service=AdGroupAdService method=get operators={IN: 3} responseTime=568 requestId=000503cabac054090a42e8c3a300355a operations=1 units= server=adwords.google.com isFault=false faultMessage=null
[Sep 24 2014 13:08:26.000000 - INFO] effectiveUser=931-981-6934 service=AdGroupAdService method=get operators={IN: 3} responseTime=605 requestId=000503cac4e50dc10a429302be00302a operations=1 units= server=adwords.google.com isFault=false faultMessage=null
[Sep 24 2014 13:08:47.000000 - INFO] effectiveUser=931-981-6934 service=AdGroupAdService method=get operators={IN: 3} responseTime=322 requestId=000503cac635a5b80a4228c8500043be operations=1 units= server=adwords.google.com isFault=false faultMessage=null
[Sep 24 2014 13:09:15.000000 - INFO] effectiveUser=931-981-6934 service=AdGroupService method=get operators={IN: 1} responseTime=195 requestId=000503cac7e282c90a424dc5370040b7 operations=1 units= server=adwords.google.com isFault=false faultMessage=null
[Sep 24 2014 13:09:26.000000 - INFO] effectiveUser=931-981-6934 service=AdGroupAdService method=get operators={IN: 3} responseTime=541 requestId=000503cac882d1d90a4249eaf3007b83 operations=1 units= server=adwords.google.com isFault=false faultMessage=null
[Sep 24 2014 13:42:24.000000 - INFO] effectiveUser=931-981-6934 service=CampaignService method=get operators={} responseTime=767 requestId=000503cb3e65baa10a42bf81f7001a18 operations=1 units= server=adwords.google.com isFault=false faultMessage=null
[Sep 24 2014 13:42:38.000000 - INFO] effectiveUser=931-981-6934 service=AdGroupService method=get operators={IN: 1} responseTime=369 requestId=000503cb3f3946e00a4202ca810027e4 operations=1 units= server=adwords.google.com isFault=false faultMessage=null
[Sep 24 2014 13:43:00.000000 - INFO] effectiveUser=931-981-6934 service=AdGroupAdService method=get operators={IN: 3} responseTime=816 requestId=000503cb408969a90a423462b0001b86 operations=1 units= server=adwords.google.com isFault=false faultMessage=null
[Sep 24 2014 14:11:29.000000 - INFO] effectiveUser=931-981-6934 service=AdGroupAdService method=get operators={IN: 3} responseTime=577 requestId=000503cba66242190a42bf81f7001a18 operations=1 units= server=adwords.google.com isFault=false faultMessage=null
[Sep 24 2014 14:14:00.000000 - ERROR] effectiveUser=931-981-6934 service=AdGroupAdService method=mutate operators={ADD: 1} responseTime=357 requestId=000503cbaf6e34e80a424c2a770017f8 operations=1 units= server=adwords.google.com isFault=true faultMessage=[AdError.URL_NO_SCHEME @ operations[0].operand.ad.url]
[Sep 24 2014 14:15:34.000000 - INFO] effectiveUser=931-981-6934 service=AdGroupAdService method=mutate operators={ADD: 1} responseTime=485 requestId=000503cbb5048ce00a431ec965000b48 operations=1 units= server=adwords.google.com isFault=false faultMessage=null
[Sep 24 2014 14:15:52.000000 - INFO] effectiveUser=931-981-6934 service=AdGroupAdService method=get operators={IN: 3} responseTime=655 requestId=000503cbb6199aaa0a4301efd9002f51 operations=1 units= server=adwords.google.com isFault=false faultMessage=null
[Sep 24 2014 14:42:25.000000 - INFO] effectiveUser=931-981-6934 service=AdGroupCriterionService method=get operators={IN: 2} responseTime=451 requestId=000503cc150c13b10a4202ca810027e4 operations=1 units= server=adwords.google.com isFault=false faultMessage=null
[Sep 24 2014 15:07:09.000000 - INFO] effectiveUser=931-981-6934 service=AdGroupCriterionService method=get operators={IN: 2} responseTime=631 requestId=000503cc6d7814180a42482adb005fcd operations=1 units= server=adwords.google.com isFault=false faultMessage=null
[Sep 24 2014 15:07:24.000000 - INFO] effectiveUser=931-981-6934 service=AdGroupCriterionService method=get operators={IN: 2} responseTime=482 requestId=000503cc6e606c900a42c1c7e6004a9f operations=1 units= server=adwords.google.com isFault=false faultMessage=null
[Sep 24 2014 15:07:40.000000 - INFO] effectiveUser=931-981-6934 service=AdGroupService method=get operators={IN: 1} responseTime=189 requestId=000503cc6f5da0e00a42bf81f7001a18 operations=1 units= server=adwords.google.com isFault=false faultMessage=null
[Sep 24 2014 15:07:50.000000 - INFO] effectiveUser=931-981-6934 service=AdGroupAdService method=get operators={IN: 3} responseTime=492 requestId=000503cc6ff5b2910a42b24bfc00691f operations=1 units= server=adwords.google.com isFault=false faultMessage=null
[Sep 24 2014 15:08:02.000000 - INFO] effectiveUser=931-981-6934 service=AdGroupCriterionService method=get operators={IN: 2} responseTime=379 requestId=000503cc70a918590a42e00a8b001785 operations=1 units= server=adwords.google.com isFault=false faultMessage=null
[Sep 24 2014 15:08:23.000000 - INFO] effectiveUser=931-981-6934 service=AdGroupService method=get operators={IN: 1} responseTime=185 requestId=000503cc71f090600a42e8c3a300355a operations=1 units= server=adwords.google.com isFault=false faultMessage=null
[Sep 24 2014 15:08:33.000000 - INFO] effectiveUser=931-981-6934 service=AdGroupAdService method=get operators={IN: 3} responseTime=327 requestId=000503cc728118600a424f88c8000719 operations=1 units= server=adwords.google.com isFault=false faultMessage=null
[Sep 24 2014 15:08:43.000000 - INFO] effectiveUser=931-981-6934 service=AdGroupCriterionService method=get operators={IN: 2} responseTime=201 requestId=000503cc731c04880a4296610b001331 operations=1 units= server=adwords.google.com isFault=false faultMessage=null
[Sep 24 2014 15:13:07.000000 - INFO] effectiveUser=931-981-6934 service=AdGroupAdService method=get operators={IN: 3} responseTime=661 requestId=000503cc82ccc9810a424f88c8000719 operations=1 units= server=adwords.google.com isFault=false faultMessage=null
[Sep 24 2014 15:15:38.000000 - INFO] effectiveUser=931-981-6934 service=AdGroupAdService method=get operators={IN: 3} responseTime=507 requestId=000503cc8bda79a00a424c2a770017f8 operations=1 units= server=adwords.google.com isFault=false faultMessage=null
[Sep 24 2014 15:16:41.000000 - INFO] effectiveUser=931-981-6934 service=AdGroupAdService method=get operators={IN: 3} responseTime=622 requestId=000503cc8f8adf410a429302be00302a operations=1 units= server=adwords.google.com isFault=false faultMessage=null
[Sep 24 2014 15:17:06.000000 - INFO] effectiveUser=931-981-6934 service=AdGroupCriterionService method=get operators={IN: 2} responseTime=320 requestId=000503cc910da6e00a42fa858b004e38 operations=1 units= server=adwords.google.com isFault=false faultMessage=null
[Sep 24 2014 15:17:32.000000 - INFO] effectiveUser=931-981-6934 service=AdGroupCriterionService method=get operators={IN: 2} responseTime=247 requestId=000503cc92a3eeb00a431ec965000b48 operations=1 units= server=adwords.google.com isFault=false faultMessage=null
[Sep 24 2014 15:19:28.000000 - INFO] effectiveUser=931-981-6934 service=AdGroupCriterionService method=get operators={IN: 2} responseTime=251 requestId=000503cc998c3e300a42afcdad0021f3 operations=1 units= server=adwords.google.com isFault=false faultMessage=null
[Sep 24 2014 15:20:00.000000 - INFO] effectiveUser=931-981-6934 service=AdGroupCriterionService method=get operators={IN: 2} responseTime=190 requestId=000503cc9b70d8c80a4228c8500043be operations=1 units= server=adwords.google.com isFault=false faultMessage=null
[Sep 24 2014 15:20:39.000000 - INFO] effectiveUser=931-981-6934 service=AdGroupCriterionService method=get operators={IN: 2} responseTime=198 requestId=000503cc9dc39a990a42bf81f7001a18 operations=1 units= server=adwords.google.com isFault=false faultMessage=null
[Sep 24 2014 15:31:04.000000 - INFO] effectiveUser=931-981-6934 service=AdGroupService method=get operators={IN: 1} responseTime=321 requestId=000503ccc30971880a42e00a8b001785 operations=1 units= server=adwords.google.com isFault=false faultMessage=null
[Sep 24 2014 15:31:26.000000 - INFO] effectiveUser=931-981-6934 service=AdGroupService method=get operators={IN: 1} responseTime=478 requestId=000503ccc45533380a420787d000403b operations=1 units= server=adwords.google.com isFault=false faultMessage=null
[Sep 24 2014 15:32:44.000000 - INFO] effectiveUser=931-981-6934 service=AdGroupService method=get operators={IN: 1} responseTime=202 requestId=000503ccc8f98a110a42e523300051dc operations=1 units= server=adwords.google.com isFault=false faultMessage=null
[Sep 24 2014 15:32:56.000000 - INFO] effectiveUser=931-981-6934 service=AdGroupAdService method=get operators={IN: 3} responseTime=502 requestId=000503ccc9af59090a42fbc54b007e08 operations=1 units= server=adwords.google.com isFault=false faultMessage=null
[Sep 24 2014 15:33:12.000000 - INFO] effectiveUser=931-981-6934 service=AdGroupCriterionService method=get operators={IN: 2} responseTime=267 requestId=000503cccaa41d300a42482adb005fcd operations=1 units= server=adwords.google.com isFault=false faultMessage=null
[Sep 24 2014 15:35:18.000000 - INFO] effectiveUser=931-981-6934 service=AdGroupCriterionService method=get operators={IN: 2} responseTime=479 requestId=000503ccd22e65880a42e523300051dc operations=1 units= server=adwords.google.com isFault=false faultMessage=null
[Sep 24 2014 15:36:55.000000 - INFO] effectiveUser=931-981-6934 service=AdGroupAdService method=get operators={IN: 3} responseTime=506 requestId=000503ccd7f66c410a42882a6a005800 operations=1 units= server=adwords.google.com isFault=false faultMessage=null
[Sep 24 2014 15:38:20.000000 - INFO] effectiveUser=931-981-6934 service=AdGroupAdService method=get operators={IN: 3} responseTime=485 requestId=000503ccdcfb0b890a423462b0001b86 operations=1 units= server=adwords.google.com isFault=false faultMessage=null
[Sep 24 2014 15:38:59.000000 - INFO] effectiveUser=931-981-6934 service=AdGroupAdService method=get operators={IN: 3} responseTime=177 requestId=000503ccdf5b85100a42afcdad0021f3 operations=1 units= server=adwords.google.com isFault=false faultMessage=null
[Sep 24 2014 15:39:23.000000 - INFO] effectiveUser=931-981-6934 service=AdGroupAdService method=get operators={IN: 3} responseTime=675 requestId=000503cce0ba17280a4296610b001331 operations=1 units= server=adwords.google.com isFault=false faultMessage=null
[Sep 24 2014 15:40:47.000000 - INFO] effectiveUser=931-981-6934 service=AdGroupCriterionService method=get operators={IN: 2} responseTime=248 requestId=000503cce5ce04680a42a4a40a00282f operations=1 units= server=adwords.google.com isFault=false faultMessage=null
[Sep 24 2014 16:01:00.000000 - INFO] effectiveUser=931-981-6934 service=CampaignService method=get operators={} responseTime=445 requestId=000503cd2e13f4810a431ec965000b48 operations=1 units= server=adwords.google.com isFault=false faultMessage=null
[Sep 24 2014 16:02:37.000000 - INFO] effectiveUser=931-981-6934 service=AdGroupService method=get operators={IN: 1} responseTime=455 requestId=000503cd33dcc2710a431ec965000b48 operations=1 units= server=adwords.google.com isFault=false faultMessage=null
[Sep 24 2014 16:16:04.000000 - INFO] effectiveUser=931-981-6934 service=CampaignService method=get operators={} responseTime=428 requestId=000503cd63f0c9e80a42bcad66000751 operations=1 units= server=adwords.google.com isFault=false faultMessage=null
[Sep 24 2014 16:16:42.000000 - INFO] effectiveUser=931-981-6934 service=CampaignService method=get operators={} responseTime=212 requestId=000503cd663b75680a42e00a8b001785 operations=1 units= server=adwords.google.com isFault=false faultMessage=null
[Sep 24 2014 16:17:30.000000 - INFO] effectiveUser=931-981-6934 service=CampaignService method=mutate operators={SET: 1} responseTime=405 requestId=000503cd690df6590a423462b0001b86 operations=1 units= server=adwords.google.com isFault=false faultMessage=null
[Sep 24 2014 16:17:38.000000 - INFO] effectiveUser=931-981-6934 service=CampaignService method=get operators={} responseTime=204 requestId=000503cd698931380a42bcad66000751 operations=1 units= server=adwords.google.com isFault=false faultMessage=null
[Sep 24 2014 16:19:53.000000 - INFO] effectiveUser=931-981-6934 service=CampaignService method=get operators={} responseTime=222 requestId=000503cd71a0f4510a42e8c3a300355a operations=1 units= server=adwords.google.com isFault=false faultMessage=null
[Sep 24 2014 16:20:03.000000 - ERROR] effectiveUser=931-981-6934 service=CampaignService method=mutate operators={SET: 1} responseTime=109 requestId=000503cd7234c42a0a426621ba0047d5 operations=1 units= server=adwords.google.com isFault=true faultMessage=[OperationAccessDenied.OPERATION_NOT_PERMITTED_FOR_REMOVED_ENTITY @ operations[0]]
[Sep 24 2014 16:27:38.000000 - INFO] effectiveUser=931-981-6934 service=CampaignService method=get operators={} responseTime=210 requestId=000503cd8d50b1400a4301efd9002f51 operations=1 units= server=adwords.google.com isFault=false faultMessage=null
[Sep 24 2014 16:28:04.000000 - INFO] effectiveUser=931-981-6934 service=CampaignService method=get operators={} responseTime=226 requestId=000503cd8ee284710a42c1c7e6004a9f operations=1 units= server=adwords.google.com isFault=false faultMessage=null
[Sep 24 2014 16:28:13.000000 - INFO] effectiveUser=931-981-6934 service=AdGroupService method=get operators={IN: 1} responseTime=184 requestId=000503cd8f6f95b80a42fbc54b007e08 operations=1 units= server=adwords.google.com isFault=false faultMessage=null
[Sep 24 2014 16:29:40.000000 - INFO] effectiveUser=931-981-6934 service=AdGroupService method=get operators={IN: 1} responseTime=333 requestId=000503cd948674e00a42d8c7c6001a3e operations=1 units= server=adwords.google.com isFault=false faultMessage=null
[Sep 24 2014 16:29:43.000000 - INFO] effectiveUser=931-981-6934 service=CampaignService method=get operators={} responseTime=211 requestId=000503cd94c708210a431ec965000b48 operations=1 units= server=adwords.google.com isFault=false faultMessage=null
[Sep 24 2014 16:38:45.000000 - INFO] effectiveUser=931-981-6934 service=CampaignService method=get operators={} responseTime=484 requestId=000503cdb511c5480a42a4a40a00282f operations=1 units= server=adwords.google.com isFault=false faultMessage=null
[Sep 24 2014 16:38:56.000000 - INFO] effectiveUser=931-981-6934 service=AdGroupService method=get operators={IN: 1} responseTime=316 requestId=000503cdb5b4cf900a4254a69d004080 operations=1 units= server=adwords.google.com isFault=false faultMessage=null
[Sep 24 2014 16:39:07.000000 - ERROR] effectiveUser=931-981-6934 service=AdGroupService method=mutate operators={SET: 1} responseTime=279 requestId=000503cdb65dd1300a4255c5c60058ce operations=1 units= server=adwords.google.com isFault=true faultMessage=[OperationAccessDenied.OPERATION_NOT_PERMITTED_FOR_REMOVED_ENTITY @ operations[0]]
[Sep 24 2014 16:39:36.000000 - INFO] effectiveUser=931-981-6934 service=AdGroupAdService method=get operators={IN: 3} responseTime=329 requestId=000503cdb81e9fb80a42afcdad0021f3 operations=1 units= server=adwords.google.com isFault=false faultMessage=null
[Sep 24 2014 16:39:45.000000 - ERROR] effectiveUser=931-981-6934 service=AdGroupAdService method=mutate operators={REMOVE: 1} responseTime=201 requestId=000503cdb8ae9b190a426621ba0047d5 operations=1 units= server=adwords.google.com isFault=true faultMessage=[OperationAccessDenied.OPERATION_NOT_PERMITTED_FOR_REMOVED_ENTITY @ operations[0]]
[Sep 24 2014 16:41:37.000000 - ERROR] effectiveUser=931-981-6934 service=AdGroupService method=mutate operators={SET: 1} responseTime=116 requestId=000503cdbf4fead10a424c2450004884 operations=1 units= server=adwords.google.com isFault=true faultMessage=[OperationAccessDenied.OPERATION_NOT_PERMITTED_FOR_REMOVED_ENTITY @ operations[0]]
[Sep 24 2014 16:46:22.000000 - INFO] effectiveUser=931-981-6934 service=AdGroupService method=get operators={IN: 1} responseTime=371 requestId=000503cdd04b92d00a429302be00302a operations=1 units= server=adwords.google.com isFault=false faultMessage=null
[Sep 24 2014 16:46:35.000000 - INFO] effectiveUser=931-981-6934 service=AdGroupAdService method=get operators={IN: 3} responseTime=590 requestId=000503cdd118c6110a423462b0001b86 operations=1 units= server=adwords.google.com isFault=false faultMessage=null
[Sep 24 2014 16:46:50.000000 - ERROR] effectiveUser=931-981-6934 service=AdGroupAdService method=mutate operators={REMOVE: 1} responseTime=349 requestId=000503cdd1f6d1d10a429ba37f001177 operations=1 units= server=adwords.google.com isFault=true faultMessage=[OperationAccessDenied.OPERATION_NOT_PERMITTED_FOR_REMOVED_ENTITY @ operations[0]]
[Sep 24 2014 16:47:01.000000 - INFO] effectiveUser=931-981-6934 service=AdGroupService method=get operators={IN: 1} responseTime=183 requestId=000503cdd29ed9710a42882a6a005800 operations=1 units= server=adwords.google.com isFault=false faultMessage=null
[Sep 24 2014 16:47:10.000000 - ERROR] effectiveUser=931-981-6934 service=AdGroupService method=mutate operators={SET: 1} responseTime=349 requestId=000503cdd32b62000a42e8c3a300355a operations=1 units= server=adwords.google.com isFault=true faultMessage=[OperationAccessDenied.OPERATION_NOT_PERMITTED_FOR_REMOVED_ENTITY @ operations[0]]
[Sep 24 2014 16:47:21.000000 - INFO] effectiveUser=931-981-6934 service=AdGroupAdService method=get operators={IN: 3} responseTime=595 requestId=000503cdd3c9efd80a424dc5370040b7 operations=1 units= server=adwords.google.com isFault=false faultMessage=null
[Sep 24 2014 16:47:37.000000 - INFO] effectiveUser=931-981-6934 service=AdGroupAdService method=get operators={IN: 3} responseTime=544 requestId=000503cdd4cc40c00a430e6680003c77 operations=1 units= server=adwords.google.com isFault=false faultMessage=null
[Sep 24 2014 16:47:51.000000 - INFO] effectiveUser=931-981-6934 service=AdGroupAdService method=mutate operators={REMOVE: 1} responseTime=298 requestId=000503cdd59ec3600a4254a69d004080 operations=1 units= server=adwords.google.com isFault=false faultMessage=null
[Sep 24 2014 16:48:06.000000 - INFO] effectiveUser=931-981-6934 service=AdGroupAdService method=get operators={IN: 3} responseTime=598 requestId=000503cdd678cbc80a424c2a770017f8 operations=1 units= server=adwords.google.com isFault=false faultMessage=null
[Sep 24 2014 16:48:17.000000 - INFO] effectiveUser=931-981-6934 service=AdGroupAdService method=get operators={IN: 3} responseTime=318 requestId=000503cdd731a4180a4231441200208c operations=1 units= server=adwords.google.com isFault=false faultMessage=null
[Sep 24 2014 16:50:15.000000 - ERROR] effectiveUser=931-981-6934 service=AdGroupAdService method=mutate operators={REMOVE: 1} responseTime=199 requestId=000503cdde38aec80a429302be00302a operations=1 units= server=adwords.google.com isFault=true faultMessage=[AdGroupAdError.CANNOT_OPERATE_ON_DELETED_ADGROUPAD @ operations[0].operand]
[Sep 24 2014 16:52:52.000000 - INFO] effectiveUser=931-981-6934 service=CampaignService method=get operators={} responseTime=423 requestId=000503cde7951f100a42bf81f7001a18 operations=1 units= server=adwords.google.com isFault=false faultMessage=null
[Sep 24 2014 16:55:15.000000 - INFO] effectiveUser=931-981-6934 service=CampaignService method=get operators={} responseTime=201 requestId=000503cdf01bd8680a42afcdad0021f3 operations=1 units= server=adwords.google.com isFault=false faultMessage=null
[Sep 24 2014 16:55:27.000000 - INFO] effectiveUser=931-981-6934 service=AdGroupService method=get operators={IN: 1} responseTime=393 requestId=000503cdf0d2dbf90a42e523300051dc operations=1 units= server=adwords.google.com isFault=false faultMessage=null
[Sep 24 2014 16:55:41.000000 - INFO] effectiveUser=931-981-6934 service=AdGroupCriterionService method=get operators={IN: 2} responseTime=569 requestId=000503cdf199fc890a430e6680003c77 operations=1 units= server=adwords.google.com isFault=false faultMessage=null
[Sep 24 2014 16:56:00.000000 - INFO] effectiveUser=931-981-6934 service=AdGroupAdService method=get operators={IN: 3} responseTime=630 requestId=000503cdf2be9ab00a4231441200208c operations=1 units= server=adwords.google.com isFault=false faultMessage=null
[Sep 24 2014 16:56:14.000000 - INFO] effectiveUser=931-981-6934 service=AdGroupCriterionService method=get operators={IN: 2} responseTime=184 requestId=000503cdf3a0f0180a4202ca810027e4 operations=1 units= server=adwords.google.com isFault=false faultMessage=null
[Sep 24 2014 16:59:09.000000 - INFO] effectiveUser=931-981-6934 service=AdGroupCriterionService method=get operators={IN: 2} responseTime=442 requestId=000503cdfe0166c90a429ba37f001177 operations=1 units= server=adwords.google.com isFault=false faultMessage=null
[Sep 24 2014 16:59:39.000000 - INFO] effectiveUser=931-981-6934 service=AdGroupCriterionService method=get operators={IN: 2} responseTime=170 requestId=000503cdffd909100a42882a6a005800 operations=1 units= server=adwords.google.com isFault=false faultMessage=null
[Sep 24 2014 17:20:52.000000 - INFO] effectiveUser=931-981-6934 service=AdGroupCriterionService method=get operators={IN: 2} responseTime=454 requestId=000503ce4baa13e80a429f444c00379e operations=1 units= server=adwords.google.com isFault=false faultMessage=null
[Sep 24 2014 17:31:07.000000 - INFO] effectiveUser=931-981-6934 service=AdGroupCriterionService method=mutate operators={ADD: 1} responseTime=439 requestId=000503ce705aa7e90a424c2a770017f8 operations=1 units= server=adwords.google.com isFault=false faultMessage=null
[Sep 24 2014 17:31:16.000000 - INFO] effectiveUser=931-981-6934 service=AdGroupCriterionService method=get operators={IN: 2} responseTime=210 requestId=000503ce70e8ce880a42bf81f7001a18 operations=1 units= server=adwords.google.com isFault=false faultMessage=null
[Sep 24 2014 17:31:40.000000 - INFO] effectiveUser=931-981-6934 service=CampaignService method=get operators={} responseTime=217 requestId=000503ce724c88f10a42bf81f7001a18 operations=1 units= server=adwords.google.com isFault=false faultMessage=null
[Sep 24 2014 17:34:42.000000 - INFO] effectiveUser=931-981-6934 service=CampaignService method=mutate operators={SET: 1} responseTime=328 requestId=000503ce7d2414010a4292040e0069a3 operations=1 units= server=adwords.google.com isFault=false faultMessage=null
[Sep 24 2014 17:34:49.000000 - INFO] effectiveUser=931-981-6934 service=CampaignService method=get operators={} responseTime=479 requestId=000503ce7d93c1d80a42fbc54b007e08 operations=1 units= server=adwords.google.com isFault=false faultMessage=null
[Sep 24 2014 17:35:55.000000 - INFO] effectiveUser=931-981-6934 service=CampaignService method=get operators={} responseTime=222 requestId=000503ce818ae0f10a42b24bfc00691f operations=1 units= server=adwords.google.com isFault=false faultMessage=null
[Sep 24 2014 17:36:07.000000 - INFO] effectiveUser=931-981-6934 service=CampaignService method=get operators={} responseTime=209 requestId=000503ce823657790a42c1c7e6004a9f operations=1 units= server=adwords.google.com isFault=false faultMessage=null
[Sep 24 2014 17:37:50.000000 - INFO] effectiveUser=931-981-6934 service=AdGroupService method=get operators={IN: 1} responseTime=205 requestId=000503ce885f2f580a4249eaf3007b83 operations=1 units= server=adwords.google.com isFault=false faultMessage=null
[Sep 24 2014 17:39:03.000000 - INFO] effectiveUser=931-981-6934 service=CampaignService method=get operators={} responseTime=231 requestId=000503ce8cbd22a90a431ec965000b48 operations=1 units= server=adwords.google.com isFault=false faultMessage=null
[Sep 24 2014 17:44:50.000000 - INFO] effectiveUser=931-981-6934 service=AdGroupService method=get operators={IN: 1} responseTime=879 requestId=000503cea16237210a42bee2f9004459 operations=1 units= server=adwords.google.com isFault=false faultMessage=null
[Sep 24 2014 17:45:02.000000 - INFO] effectiveUser=931-981-6934 service=AdGroupAdService method=get operators={IN: 3} responseTime=321 requestId=000503cea2194a500a4231441200208c operations=1 units= server=adwords.google.com isFault=false faultMessage=null
[Sep 24 2014 17:45:09.000000 - INFO] effectiveUser=931-981-6934 service=AdGroupCriterionService method=get operators={IN: 2} responseTime=542 requestId=000503cea28d1ac00a420787d000403b operations=1 units= server=adwords.google.com isFault=false faultMessage=null
[Sep 24 2014 18:16:42.000000 - INFO] effectiveUser=931-981-6934 service=CampaignService method=get operators={} responseTime=509 requestId=000503cf1353d8e80a42fa858b004e38 operations=1 units= server=adwords.google.com isFault=false faultMessage=null
[Sep 25 2014 17:21:30.000000 - INFO] effectiveUser=931-981-6934 service=AdGroupService method=get operators={IN: 1} responseTime=439 requestId=000503e26bd4ddb00a424f88c8000719 operations=1 units= server=adwords.google.com isFault=false faultMessage=null
[Sep 25 2014 17:23:20.000000 - INFO] effectiveUser=931-981-6934 service=AdGroupService method=get operators={IN: 1} responseTime=352 requestId=000503e272639b800a42e4c547001a1c operations=1 units= server=adwords.google.com isFault=false faultMessage=null
[Sep 25 2014 17:23:32.000000 - INFO] effectiveUser=931-981-6934 service=AdGroupAdService method=get operators={IN: 3} responseTime=429 requestId=000503e2730f6be10a42a4a40a00282f operations=1 units= server=adwords.google.com isFault=false faultMessage=null
[Sep 25 2014 17:23:52.000000 - INFO] effectiveUser=931-981-6934 service=AdGroupCriterionService method=get operators={IN: 2} responseTime=506 requestId=000503e274433ca90a429f444c00379e operations=1 units= server=adwords.google.com isFault=false faultMessage=null
